<?xml version="1.0" encoding="UTF-8"?>
<!-- Generated by org.testng.reporters.JUnitReportReporter -->
<testsuite hostname="LDPLTP0106" failures="0" tests="1" name="telugu_1841" time="0.011" errors="0" timestamp="2023-02-09T18:45:00 IST" skipped="0">
  <testcase classname="telugu_1841" name="test" time="0.011"/>
  <system-out/>
</testsuite> <!-- telugu_1841 -->
