<?xml version="1.0" encoding="UTF-8"?>
<!-- Generated by org.testng.reporters.JUnitReportReporter -->
<testsuite hostname="EC2AMAZ-3OE01P4" failures="0" tests="1" name="read.readFromPDF" time="2.517" errors="0" timestamp="2023-03-25T06:59:14 UTC" skipped="0">
  <testcase classname="read.readFromPDF" name="readfromweb_crime" time="2.517"/>
  <system-out/>
</testsuite> <!-- read.readFromPDF -->
