<?xml version="1.0" encoding="UTF-8"?>
<!-- Generated by org.testng.reporters.JUnitReportReporter -->
<testsuite hostname="LDPLTP0106" failures="0" tests="1" name="test123" time="0.009" errors="0" timestamp="2023-02-09T18:48:53 IST" skipped="0">
  <testcase classname="test123" name="test" time="0.009"/>
  <system-out/>
</testsuite> <!-- test123 -->
