<?xml version="1.0" encoding="UTF-8"?>
<!-- Generated by org.testng.reporters.JUnitReportReporter -->
<testsuite hostname="LDPLTP0106" failures="0" tests="1" name="Test_RC" time="4.433" errors="0" timestamp="2023-02-07T22:44:43 IST" skipped="0">
  <testcase classname="Test_RC" name="getRCdetails" time="4.433"/>
  <system-out/>
</testsuite> <!-- Test_RC -->
