<?xml version="1.0" encoding="UTF-8"?>
<!-- Generated by org.testng.reporters.JUnitReportReporter -->
<testsuite hostname="EC2AMAZ-3OE01P4" failures="0" tests="1" name="read.readFromPDF" time="12.389" errors="0" timestamp="2023-03-23T18:44:01 UTC" skipped="0">
  <testcase classname="read.readFromPDF" name="readfromweb" time="12.389"/>
  <system-out/>
</testsuite> <!-- read.readFromPDF -->
